-Xajruntimetarget:1.5
-Xlint:ignore
-1.6
-encoding
UTF-8
-source
1.6
-target
1.6
-classpath
C:\Users\Admin\.m2\repository\org\springframework\boot\spring-boot-starter\1.4.1.RELEASE\spring-boot-starter-1.4.1.RELEASE.jar;C:\Users\Admin\.m2\repository\org\springframework\boot\spring-boot-starter-test\1.4.1.RELEASE\spring-boot-starter-test-1.4.1.RELEASE.jar;C:\Users\Admin\.m2\repository\org\springframework\boot\spring-boot-devtools\1.4.1.RELEASE\spring-boot-devtools-1.4.1.RELEASE.jar;C:\Users\Admin\.m2\repository\org\springframework\roo\org.springframework.roo.annotations\2.0.0.RELEASE\org.springframework.roo.annotations-2.0.0.RELEASE.pom;C:\Users\Admin\.m2\repository\org\aspectj\aspectjrt\1.8.9\aspectjrt-1.8.9.jar;C:\Users\Admin\.m2\repository\org\apache\commons\commons-lang3\3.4\commons-lang3-3.4.jar;C:\Users\Admin\.m2\repository\org\assertj\assertj-core\2.5.0\assertj-core-2.5.0.jar;C:\Users\Admin\.m2\repository\org\springframework\boot\spring-boot-starter-data-jpa\1.4.1.RELEASE\spring-boot-starter-data-jpa-1.4.1.RELEASE.jar;C:\Users\Admin\.m2\repository\org\springframework\boot\spring-boot-starter-jdbc\1.4.1.RELEASE\spring-boot-starter-jdbc-1.4.1.RELEASE.jar;C:\Users\Admin\.m2\repository\com\h2database\h2\1.4.192\h2-1.4.192.jar;C:\Users\Admin\.m2\repository\io\springlets\springlets-data-jpa\1.2.0.RELEASE\springlets-data-jpa-1.2.0.RELEASE.jar;C:\Users\Admin\.m2\repository\io\springlets\springlets-data-commons\1.2.0.RELEASE\springlets-data-commons-1.2.0.RELEASE.jar;C:\Users\Admin\.m2\repository\io\springlets\springlets-context\1.2.0.RELEASE\springlets-context-1.2.0.RELEASE.jar;C:\Users\Admin\.m2\repository\javax\validation\validation-api\1.1.0.Final\validation-api-1.1.0.Final.jar;C:\Users\Admin\.m2\repository\com\querydsl\querydsl-jpa\4.1.4\querydsl-jpa-4.1.4.jar;C:\Users\Admin\.m2\repository\org\springframework\roo\org.springframework.roo.querydsl.processor\2.0.0.RELEASE\org.springframework.roo.querydsl.processor-2.0.0.RELEASE.jar;C:\Users\Admin\.m2\repository\org\springframework\boot\spring-boot-starter-web\1.4.1.RELEASE\spring-boot-starter-web-1.4.1.RELEASE.jar;C:\Users\Admin\.m2\repository\joda-time\joda-time\2.9.4\joda-time-2.9.4.jar;C:\Users\Admin\.m2\repository\io\tracee\binding\tracee-springmvc\1.1.2\tracee-springmvc-1.1.2.jar;C:\Users\Admin\.m2\repository\io\springlets\springlets-boot-starter-web\1.2.0.RELEASE\springlets-boot-starter-web-1.2.0.RELEASE.jar;C:\Users\Admin\.m2\repository\org\springframework\boot\spring-boot-starter-thymeleaf\1.4.1.RELEASE\spring-boot-starter-thymeleaf-1.4.1.RELEASE.jar;C:\Users\Admin\.m2\repository\nz\net\ultraq\thymeleaf\thymeleaf-layout-dialect\2.0.0\thymeleaf-layout-dialect-2.0.0.jar;C:\Users\Admin\.m2\repository\com\github\mxab\thymeleaf\extras\thymeleaf-extras-data-attribute\2.0.1\thymeleaf-extras-data-attribute-2.0.1.jar;C:\Users\Admin\.m2\repository\ar\com\fdvs\DynamicJasper\5.0.11\DynamicJasper-5.0.11.jar;C:\Users\Admin\.m2\repository\ar\com\fdvs\DynamicJasper-core-fonts\1.0\DynamicJasper-core-fonts-1.0.jar;C:\Users\Admin\.m2\repository\org\apache\poi\poi\3.14\poi-3.14.jar;C:\Users\Admin\.m2\repository\org\springframework\spring-context-support\4.3.3.RELEASE\spring-context-support-4.3.3.RELEASE.jar;C:\Users\Admin\.m2\repository\org\webjars\webjars-locator\0.32\webjars-locator-0.32.jar;C:\Users\Admin\.m2\repository\org\webjars\bower\bootstrap\3.3.6\bootstrap-3.3.6.jar;C:\Users\Admin\.m2\repository\org\webjars\bower\datatables\1.10.12\datatables-1.10.12.jar;C:\Users\Admin\.m2\repository\org\webjars\bower\datatables.net-bs\1.10.11\datatables.net-bs-1.10.11.jar;C:\Users\Admin\.m2\repository\org\webjars\bower\datatables.net-buttons\1.1.2\datatables.net-buttons-1.1.2.jar;C:\Users\Admin\.m2\repository\org\webjars\bower\datatables.net-buttons-bs\1.1.2\datatables.net-buttons-bs-1.1.2.jar;C:\Users\Admin\.m2\repository\org\webjars\bower\datatables.net-responsive\2.0.2\datatables.net-responsive-2.0.2.jar;C:\Users\Admin\.m2\repository\org\webjars\bower\datatables.net-responsive-bs\2.0.2\datatables.net-responsive-bs-2.0.2.jar;C:\Users\Admin\.m2\repository\org\webjars\bower\datatables.net-select\1.1.2\datatables.net-select-1.1.2.jar;C:\Users\Admin\.m2\repository\org\webjars\bower\datatables.net-select-bs\1.1.2\datatables.net-select-bs-1.1.2.jar;C:\Users\Admin\.m2\repository\org\webjars\npm\jquery-datatables-checkboxes\1.1.2\jquery-datatables-checkboxes-1.1.2.jar;C:\Users\Admin\.m2\repository\org\webjars\bower\github-com-julmot-datatables-mark-js\2.0.0\github-com-julmot-datatables-mark-js-2.0.0.jar;C:\Users\Admin\.m2\repository\org\webjars\bower\datetimepicker\2.5.4\datetimepicker-2.5.4.jar;C:\Users\Admin\.m2\repository\org\webjars\bower\font-awesome\4.6.2\font-awesome-4.6.2.jar;C:\Users\Admin\.m2\repository\org\webjars\bower\jquery\1.12.3\jquery-1.12.3.jar;C:\Users\Admin\.m2\repository\org\webjars\jquery.inputmask\3.3.1\jquery.inputmask-3.3.1.jar;C:\Users\Admin\.m2\repository\org\webjars\bower\jquery-validation\1.15.0\jquery-validation-1.15.0.jar;C:\Users\Admin\.m2\repository\org\webjars\bower\momentjs\2.13.0\momentjs-2.13.0.jar;C:\Users\Admin\.m2\repository\org\webjars\bower\select2\4.0.3\select2-4.0.3.jar;C:\Users\Admin\.m2\repository\org\webjars\bower\select2-bootstrap-theme\0.1.0-beta.7\select2-bootstrap-theme-0.1.0-beta.7.jar;C:\Users\Admin\.m2\repository\org\webjars\respond\1.4.2\respond-1.4.2.jar;C:\Users\Admin\.m2\repository\org\webjars\html5shiv\3.7.3\html5shiv-3.7.3.jar;C:\Users\Admin\.m2\repository\org\webjars\bower\ie10-viewport-bug-workaround\1.0.3\ie10-viewport-bug-workaround-1.0.3.jar;C:\Users\Admin\.m2\repository\org\springframework\boot\spring-boot\1.4.1.RELEASE\spring-boot-1.4.1.RELEASE.jar;C:\Users\Admin\.m2\repository\org\springframework\boot\spring-boot-autoconfigure\1.4.1.RELEASE\spring-boot-autoconfigure-1.4.1.RELEASE.jar;C:\Users\Admin\.m2\repository\org\springframework\boot\spring-boot-starter-logging\1.4.1.RELEASE\spring-boot-starter-logging-1.4.1.RELEASE.jar;C:\Users\Admin\.m2\repository\ch\qos\logback\logback-classic\1.1.7\logback-classic-1.1.7.jar;C:\Users\Admin\.m2\repository\ch\qos\logback\logback-core\1.1.7\logback-core-1.1.7.jar;C:\Users\Admin\.m2\repository\org\slf4j\jcl-over-slf4j\1.7.21\jcl-over-slf4j-1.7.21.jar;C:\Users\Admin\.m2\repository\org\slf4j\jul-to-slf4j\1.7.21\jul-to-slf4j-1.7.21.jar;C:\Users\Admin\.m2\repository\org\slf4j\log4j-over-slf4j\1.7.21\log4j-over-slf4j-1.7.21.jar;C:\Users\Admin\.m2\repository\org\springframework\spring-core\4.3.3.RELEASE\spring-core-4.3.3.RELEASE.jar;C:\Users\Admin\.m2\repository\org\springframework\roo\org.springframework.roo.addon.configurable.annotations\2.0.0.RELEASE\org.springframework.roo.addon.configurable.annotations-2.0.0.RELEASE.jar;C:\Users\Admin\.m2\repository\org\springframework\roo\org.springframework.roo.addon.javabean.annotations\2.0.0.RELEASE\org.springframework.roo.addon.javabean.annotations-2.0.0.RELEASE.jar;C:\Users\Admin\.m2\repository\org\springframework\roo\org.springframework.roo.addon.jpa.annotations\2.0.0.RELEASE\org.springframework.roo.addon.jpa.annotations-2.0.0.RELEASE.jar;C:\Users\Admin\.m2\repository\org\springframework\roo\org.springframework.roo.addon.layers.repository.jpa.annotations\2.0.0.RELEASE\org.springframework.roo.addon.layers.repository.jpa.annotations-2.0.0.RELEASE.jar;C:\Users\Admin\.m2\repository\org\springframework\roo\org.springframework.roo.addon.layers.service.annotations\2.0.0.RELEASE\org.springframework.roo.addon.layers.service.annotations-2.0.0.RELEASE.jar;C:\Users\Admin\.m2\repository\org\springframework\roo\org.springframework.roo.addon.plural.annotations\2.0.0.RELEASE\org.springframework.roo.addon.plural.annotations-2.0.0.RELEASE.jar;C:\Users\Admin\.m2\repository\org\springframework\roo\org.springframework.roo.addon.security.annotations\2.0.0.RELEASE\org.springframework.roo.addon.security.annotations-2.0.0.RELEASE.jar;C:\Users\Admin\.m2\repository\org\springframework\roo\org.springframework.roo.addon.web.mvc.controller.annotations\2.0.0.RELEASE\org.springframework.roo.addon.web.mvc.controller.annotations-2.0.0.RELEASE.jar;C:\Users\Admin\.m2\repository\org\springframework\roo\org.springframework.roo.addon.web.mvc.exceptions.annotations\2.0.0.RELEASE\org.springframework.roo.addon.web.mvc.exceptions.annotations-2.0.0.RELEASE.jar;C:\Users\Admin\.m2\repository\org\springframework\roo\org.springframework.roo.addon.web.mvc.thymeleaf.annotations\2.0.0.RELEASE\org.springframework.roo.addon.web.mvc.thymeleaf.annotations-2.0.0.RELEASE.jar;C:\Users\Admin\.m2\repository\org\springframework\roo\org.springframework.roo.classpath\2.0.0.RELEASE\org.springframework.roo.classpath-2.0.0.RELEASE.jar;C:\Users\Admin\.m2\repository\org\apache\felix\org.apache.felix.scr.annotations\1.9.12\org.apache.felix.scr.annotations-1.9.12.jar;C:\Users\Admin\.m2\repository\org\springframework\roo\org.springframework.roo.file.monitor\2.0.0.RELEASE\org.springframework.roo.file.monitor-2.0.0.RELEASE.jar;C:\Users\Admin\.m2\repository\org\springframework\roo\org.springframework.roo.file.undo\2.0.0.RELEASE\org.springframework.roo.file.undo-2.0.0.RELEASE.jar;C:\Users\Admin\.m2\repository\org\springframework\roo\org.springframework.roo.metadata\2.0.0.RELEASE\org.springframework.roo.metadata-2.0.0.RELEASE.jar;C:\Users\Admin\.m2\repository\org\springframework\roo\org.springframework.roo.model\2.0.0.RELEASE\org.springframework.roo.model-2.0.0.RELEASE.jar;C:\Users\Admin\.m2\repository\org\springframework\roo\org.springframework.roo.process.manager\2.0.0.RELEASE\org.springframework.roo.process.manager-2.0.0.RELEASE.jar;C:\Users\Admin\.m2\repository\org\springframework\roo\org.springframework.roo.shell.osgi\2.0.0.RELEASE\org.springframework.roo.shell.osgi-2.0.0.RELEASE.jar;C:\Users\Admin\.m2\repository\org\springframework\roo\org.springframework.roo.project\2.0.0.RELEASE\org.springframework.roo.project-2.0.0.RELEASE.jar;C:\Users\Admin\.m2\repository\org\apache\felix\org.apache.felix.framework\5.4.0\org.apache.felix.framework-5.4.0.jar;C:\Users\Admin\.m2\repository\org\springframework\roo\org.springframework.roo.shell\2.0.0.RELEASE\org.springframework.roo.shell-2.0.0.RELEASE.jar;C:\Users\Admin\.m2\repository\org\springframework\roo\org.springframework.roo.support\2.0.0.RELEASE\org.springframework.roo.support-2.0.0.RELEASE.jar;C:\Users\Admin\.m2\repository\commons-io\commons-io\2.5\commons-io-2.5.jar;C:\Users\Admin\.m2\repository\org\springframework\roo\org.springframework.roo.settings\2.0.0.RELEASE\org.springframework.roo.settings-2.0.0.RELEASE.jar;C:\Users\Admin\.m2\repository\org\springframework\roo\org.springframework.roo.propfiles.manager\2.0.0.RELEASE\org.springframework.roo.propfiles.manager-2.0.0.RELEASE.jar;C:\Users\Admin\.m2\repository\org\springframework\roo\wrapping\org.springframework.roo.wrapping.inflector\0.7.0.010\org.springframework.roo.wrapping.inflector-0.7.0.010.jar;C:\Users\Admin\.m2\repository\org\springframework\roo\org.springframework.roo.addon.dto.annotations\2.0.0.RELEASE\org.springframework.roo.addon.dto.annotations-2.0.0.RELEASE.jar;C:\Users\Admin\.m2\repository\org\springframework\roo\org.springframework.roo.addon.ws.annotations\2.0.0.RELEASE\org.springframework.roo.addon.ws.annotations-2.0.0.RELEASE.jar;C:\Users\Admin\.m2\repository\org\springframework\boot\spring-boot-starter-aop\1.4.1.RELEASE\spring-boot-starter-aop-1.4.1.RELEASE.jar;C:\Users\Admin\.m2\repository\org\springframework\spring-aop\4.3.3.RELEASE\spring-aop-4.3.3.RELEASE.jar;C:\Users\Admin\.m2\repository\org\aspectj\aspectjweaver\1.8.9\aspectjweaver-1.8.9.jar;C:\Users\Admin\.m2\repository\org\hibernate\hibernate-core\5.0.11.Final\hibernate-core-5.0.11.Final.jar;C:\Users\Admin\.m2\repository\org\jboss\logging\jboss-logging\3.3.0.Final\jboss-logging-3.3.0.Final.jar;C:\Users\Admin\.m2\repository\org\hibernate\javax\persistence\hibernate-jpa-2.1-api\1.0.0.Final\hibernate-jpa-2.1-api-1.0.0.Final.jar;C:\Users\Admin\.m2\repository\org\javassist\javassist\3.20.0-GA\javassist-3.20.0-GA.jar;C:\Users\Admin\.m2\repository\antlr\antlr\2.7.7\antlr-2.7.7.jar;C:\Users\Admin\.m2\repository\org\jboss\jandex\2.0.0.Final\jandex-2.0.0.Final.jar;C:\Users\Admin\.m2\repository\dom4j\dom4j\1.6.1\dom4j-1.6.1.jar;C:\Users\Admin\.m2\repository\xml-apis\xml-apis\1.4.01\xml-apis-1.4.01.jar;C:\Users\Admin\.m2\repository\org\hibernate\common\hibernate-commons-annotations\5.0.1.Final\hibernate-commons-annotations-5.0.1.Final.jar;C:\Users\Admin\.m2\repository\org\hibernate\hibernate-entitymanager\5.0.11.Final\hibernate-entitymanager-5.0.11.Final.jar;C:\Users\Admin\.m2\repository\javax\transaction\javax.transaction-api\1.2\javax.transaction-api-1.2.jar;C:\Users\Admin\.m2\repository\org\springframework\data\spring-data-jpa\1.10.3.RELEASE\spring-data-jpa-1.10.3.RELEASE.jar;C:\Users\Admin\.m2\repository\org\springframework\data\spring-data-commons\1.12.3.RELEASE\spring-data-commons-1.12.3.RELEASE.jar;C:\Users\Admin\.m2\repository\org\springframework\spring-orm\4.3.3.RELEASE\spring-orm-4.3.3.RELEASE.jar;C:\Users\Admin\.m2\repository\org\springframework\spring-tx\4.3.3.RELEASE\spring-tx-4.3.3.RELEASE.jar;C:\Users\Admin\.m2\repository\org\springframework\spring-aspects\4.3.3.RELEASE\spring-aspects-4.3.3.RELEASE.jar;C:\Users\Admin\.m2\repository\org\apache\tomcat\tomcat-jdbc\8.5.5\tomcat-jdbc-8.5.5.jar;C:\Users\Admin\.m2\repository\org\apache\tomcat\tomcat-juli\8.5.5\tomcat-juli-8.5.5.jar;C:\Users\Admin\.m2\repository\org\springframework\spring-jdbc\4.3.3.RELEASE\spring-jdbc-4.3.3.RELEASE.jar;C:\Users\Admin\.m2\repository\commons-codec\commons-codec\1.10\commons-codec-1.10.jar;C:\Users\Admin\.m2\repository\com\querydsl\querydsl-core\4.1.4\querydsl-core-4.1.4.jar;C:\Users\Admin\.m2\repository\com\google\guava\guava\17.0\guava-17.0.jar;C:\Users\Admin\.m2\repository\com\google\code\findbugs\jsr305\3.0.1\jsr305-3.0.1.jar;C:\Users\Admin\.m2\repository\com\mysema\commons\mysema-commons-lang\0.2.4\mysema-commons-lang-0.2.4.jar;C:\Users\Admin\.m2\repository\com\infradna\tool\bridge-method-annotation\1.13\bridge-method-annotation-1.13.jar;C:\Users\Admin\.m2\repository\org\slf4j\slf4j-api\1.7.21\slf4j-api-1.7.21.jar;C:\Users\Admin\.m2\repository\org\springframework\boot\spring-boot-starter-tomcat\1.4.1.RELEASE\spring-boot-starter-tomcat-1.4.1.RELEASE.jar;C:\Users\Admin\.m2\repository\org\apache\tomcat\embed\tomcat-embed-core\8.5.5\tomcat-embed-core-8.5.5.jar;C:\Users\Admin\.m2\repository\org\apache\tomcat\embed\tomcat-embed-el\8.5.5\tomcat-embed-el-8.5.5.jar;C:\Users\Admin\.m2\repository\org\apache\tomcat\embed\tomcat-embed-websocket\8.5.5\tomcat-embed-websocket-8.5.5.jar;C:\Users\Admin\.m2\repository\org\hibernate\hibernate-validator\5.2.4.Final\hibernate-validator-5.2.4.Final.jar;C:\Users\Admin\.m2\repository\com\fasterxml\classmate\1.3.1\classmate-1.3.1.jar;C:\Users\Admin\.m2\repository\com\fasterxml\jackson\core\jackson-databind\2.8.3\jackson-databind-2.8.3.jar;C:\Users\Admin\.m2\repository\com\fasterxml\jackson\core\jackson-annotations\2.8.3\jackson-annotations-2.8.3.jar;C:\Users\Admin\.m2\repository\com\fasterxml\jackson\core\jackson-core\2.8.3\jackson-core-2.8.3.jar;C:\Users\Admin\.m2\repository\org\springframework\spring-web\4.3.3.RELEASE\spring-web-4.3.3.RELEASE.jar;C:\Users\Admin\.m2\repository\org\springframework\spring-webmvc\4.3.3.RELEASE\spring-webmvc-4.3.3.RELEASE.jar;C:\Users\Admin\.m2\repository\org\springframework\spring-expression\4.3.3.RELEASE\spring-expression-4.3.3.RELEASE.jar;C:\Users\Admin\.m2\repository\io\tracee\tracee-api\1.1.2\tracee-api-1.1.2.jar;C:\Users\Admin\.m2\repository\io\tracee\tracee-core\1.1.2\tracee-core-1.1.2.jar;C:\Users\Admin\.m2\repository\io\springlets\springlets-autoconfigure\1.2.0.RELEASE\springlets-autoconfigure-1.2.0.RELEASE.jar;C:\Users\Admin\.m2\repository\io\springlets\springlets-web\1.2.0.RELEASE\springlets-web-1.2.0.RELEASE.jar;C:\Users\Admin\.m2\repository\com\fasterxml\jackson\datatype\jackson-datatype-hibernate5\2.8.3\jackson-datatype-hibernate5-2.8.3.jar;C:\Users\Admin\.m2\repository\javax\transaction\jta\1.1\jta-1.1.jar;C:\Users\Admin\.m2\repository\org\webjars\bower\bootstrap-fileinput\4.4.0\bootstrap-fileinput-4.4.0.jar;C:\Users\Admin\.m2\repository\org\thymeleaf\thymeleaf-spring4\3.0.0.RELEASE\thymeleaf-spring4-3.0.0.RELEASE.jar;C:\Users\Admin\.m2\repository\org\codehaus\groovy\groovy\2.4.7\groovy-2.4.7.jar;C:\Users\Admin\.m2\repository\nz\net\ultraq\thymeleaf\thymeleaf-expression-processor\1.1.0\thymeleaf-expression-processor-1.1.0.jar;C:\Users\Admin\.m2\repository\org\thymeleaf\thymeleaf\3.0.0.RELEASE\thymeleaf-3.0.0.RELEASE.jar;C:\Users\Admin\.m2\repository\ognl\ognl\3.1.3\ognl-3.1.3.jar;C:\Users\Admin\.m2\repository\org\attoparser\attoparser\2.0.0.RELEASE\attoparser-2.0.0.RELEASE.jar;C:\Users\Admin\.m2\repository\org\unbescape\unbescape\1.1.3.RELEASE\unbescape-1.1.3.RELEASE.jar;C:\Users\Admin\.m2\repository\net\sf\jasperreports\jasperreports\6.3.0\jasperreports-6.3.0.jar;C:\Users\Admin\.m2\repository\commons-digester\commons-digester\2.1\commons-digester-2.1.jar;C:\Users\Admin\.m2\repository\com\lowagie\itext\2.1.7\itext-2.1.7.jar;C:\Users\Admin\.m2\repository\org\bouncycastle\bctsp-jdk14\1.38\bctsp-jdk14-1.38.jar;C:\Users\Admin\.m2\repository\org\bouncycastle\bcprov-jdk14\1.38\bcprov-jdk14-1.38.jar;C:\Users\Admin\.m2\repository\org\bouncycastle\bcmail-jdk14\1.38\bcmail-jdk14-1.38.jar;C:\Users\Admin\.m2\repository\org\jfree\jcommon\1.0.23\jcommon-1.0.23.jar;C:\Users\Admin\.m2\repository\org\jfree\jfreechart\1.0.19\jfreechart-1.0.19.jar;C:\Users\Admin\.m2\repository\org\eclipse\jdt\core\compiler\ecj\4.3.1\ecj-4.3.1.jar;C:\Users\Admin\.m2\repository\org\codehaus\castor\castor-xml\1.4.1\castor-xml-1.4.1.jar;C:\Users\Admin\.m2\repository\org\codehaus\castor\castor-core\1.4.1\castor-core-1.4.1.jar;C:\Users\Admin\.m2\repository\org\apache\commons\commons-collections4\4.1\commons-collections4-4.1.jar;C:\Users\Admin\.m2\repository\javax\inject\javax.inject\1\javax.inject-1.jar;C:\Users\Admin\.m2\repository\org\apache\lucene\lucene-core\4.5.1\lucene-core-4.5.1.jar;C:\Users\Admin\.m2\repository\org\apache\lucene\lucene-analyzers-common\4.5.1\lucene-analyzers-common-4.5.1.jar;C:\Users\Admin\.m2\repository\org\apache\lucene\lucene-queryparser\4.5.1\lucene-queryparser-4.5.1.jar;C:\Users\Admin\.m2\repository\org\apache\lucene\lucene-queries\4.5.1\lucene-queries-4.5.1.jar;C:\Users\Admin\.m2\repository\org\apache\lucene\lucene-sandbox\4.5.1\lucene-sandbox-4.5.1.jar;C:\Users\Admin\.m2\repository\jakarta-regexp\jakarta-regexp\1.4\jakarta-regexp-1.4.jar;C:\Users\Admin\.m2\repository\org\olap4j\olap4j\0.9.7.309-JS-3\olap4j-0.9.7.309-JS-3.jar;C:\Users\Admin\.m2\repository\com\google\zxing\core\2.3.0\core-2.3.0.jar;C:\Users\Admin\.m2\repository\com\ibm\icu\icu4j\57.1\icu4j-57.1.jar;C:\Users\Admin\.m2\repository\commons-collections\commons-collections\3.2.2\commons-collections-3.2.2.jar;C:\Users\Admin\.m2\repository\commons-beanutils\commons-beanutils\1.9.2\commons-beanutils-1.9.2.jar;C:\Users\Admin\.m2\repository\org\springframework\spring-beans\4.3.3.RELEASE\spring-beans-4.3.3.RELEASE.jar;C:\Users\Admin\.m2\repository\org\springframework\spring-context\4.3.3.RELEASE\spring-context-4.3.3.RELEASE.jar;C:\Users\Admin\.m2\repository\org\webjars\webjars-locator-core\0.30\webjars-locator-core-0.30.jar;C:\Users\Admin\.m2\repository\org\apache\commons\commons-compress\1.9\commons-compress-1.9.jar;C:\Users\Admin\.m2\repository\org\webjars\bower\datatables.net\1.10.19\datatables.net-1.10.19.jar;C:\Users\Admin\.m2\repository\org\webjars\bower\mark.js\8.11.1\mark.js-8.11.1.jar;C:\Users\Admin\.m2\repository\org\webjars\bower\jquery-mousewheel\3.1.13\jquery-mousewheel-3.1.13.jar;C:\Users\Admin\.m2\repository\org\webjars\bower\php-date-formatter\1.3.5\php-date-formatter-1.3.5.jar;C:\code4schenker\target\classes
-d
C:\code4schenker\target\classes
C:\code4schenker\src\main\java\org\code4schener\route\config\jackson\DomainModelModule.java
C:\code4schenker\src\main\java\org\code4schener\route\config\jackson\DomainModelModule_Roo_DomainModelModule.aj
C:\code4schenker\src\main\java\org\code4schener\route\config\SpringDataJpaDetachableRepositoryConfiguration.java
C:\code4schenker\src\main\java\org\code4schener\route\config\SpringDataJpaDetachableRepositoryConfiguration_Roo_Jpa_Repository_Configuration.aj
C:\code4schenker\src\main\java\org\code4schener\route\config\WebMvcConfiguration.java
C:\code4schenker\src\main\java\org\code4schener\route\config\WebMvcConfiguration_Roo_ThymeleafUIConfiguration.aj
C:\code4schenker\src\main\java\org\code4schener\route\config\WebMvcConfiguration_Roo_WebMvcConfiguration.aj
C:\code4schenker\src\main\java\org\code4schener\route\domain\Delivery.java
C:\code4schenker\src\main\java\org\code4schener\route\domain\DeliveryParam.java
C:\code4schenker\src\main\java\org\code4schener\route\domain\DeliveryParam_Roo_JavaBean.aj
C:\code4schenker\src\main\java\org\code4schener\route\domain\DeliveryParam_Roo_Jpa_Entity.aj
C:\code4schenker\src\main\java\org\code4schener\route\domain\Delivery_Roo_JavaBean.aj
C:\code4schenker\src\main\java\org\code4schener\route\domain\Delivery_Roo_Jpa_Entity.aj
C:\code4schenker\src\main\java\org\code4schener\route\domain\LocationLog.java
C:\code4schenker\src\main\java\org\code4schener\route\domain\LocationLog_Roo_JavaBean.aj
C:\code4schenker\src\main\java\org\code4schener\route\domain\LocationLog_Roo_Jpa_Entity.aj
C:\code4schenker\src\main\java\org\code4schener\route\domain\ParamLog.java
C:\code4schenker\src\main\java\org\code4schener\route\domain\ParamLog_Roo_JavaBean.aj
C:\code4schenker\src\main\java\org\code4schener\route\domain\ParamLog_Roo_Jpa_Entity.aj
C:\code4schenker\src\main\java\org\code4schener\route\domain\Transit.java
C:\code4schenker\src\main\java\org\code4schener\route\domain\Transit_Roo_JavaBean.aj
C:\code4schenker\src\main\java\org\code4schener\route\domain\Transit_Roo_Jpa_Entity.aj
C:\code4schenker\src\main\java\org\code4schener\route\repository\DeliveryParamRepository.java
C:\code4schenker\src\main\java\org\code4schener\route\repository\DeliveryParamRepositoryCustom.java
C:\code4schenker\src\main\java\org\code4schener\route\repository\DeliveryParamRepositoryCustom_Roo_Jpa_Repository_Custom.aj
C:\code4schenker\src\main\java\org\code4schener\route\repository\DeliveryParamRepositoryImpl.java
C:\code4schenker\src\main\java\org\code4schener\route\repository\DeliveryParamRepositoryImpl_Roo_Jpa_Repository_Impl.aj
C:\code4schenker\src\main\java\org\code4schener\route\repository\DeliveryParamRepository_Roo_Jpa_Repository.aj
C:\code4schenker\src\main\java\org\code4schener\route\repository\DeliveryRepository.java
C:\code4schenker\src\main\java\org\code4schener\route\repository\DeliveryRepositoryCustom.java
C:\code4schenker\src\main\java\org\code4schener\route\repository\DeliveryRepositoryCustom_Roo_Jpa_Repository_Custom.aj
C:\code4schenker\src\main\java\org\code4schener\route\repository\DeliveryRepositoryImpl.java
C:\code4schenker\src\main\java\org\code4schener\route\repository\DeliveryRepositoryImpl_Roo_Jpa_Repository_Impl.aj
C:\code4schenker\src\main\java\org\code4schener\route\repository\DeliveryRepository_Roo_Jpa_Repository.aj
C:\code4schenker\src\main\java\org\code4schener\route\repository\LocationLogRepository.java
C:\code4schenker\src\main\java\org\code4schener\route\repository\LocationLogRepositoryCustom.java
C:\code4schenker\src\main\java\org\code4schener\route\repository\LocationLogRepositoryCustom_Roo_Jpa_Repository_Custom.aj
C:\code4schenker\src\main\java\org\code4schener\route\repository\LocationLogRepositoryImpl.java
C:\code4schenker\src\main\java\org\code4schener\route\repository\LocationLogRepositoryImpl_Roo_Jpa_Repository_Impl.aj
C:\code4schenker\src\main\java\org\code4schener\route\repository\LocationLogRepository_Roo_Jpa_Repository.aj
C:\code4schenker\src\main\java\org\code4schener\route\repository\ParamLogRepository.java
C:\code4schenker\src\main\java\org\code4schener\route\repository\ParamLogRepositoryCustom.java
C:\code4schenker\src\main\java\org\code4schener\route\repository\ParamLogRepositoryCustom_Roo_Jpa_Repository_Custom.aj
C:\code4schenker\src\main\java\org\code4schener\route\repository\ParamLogRepositoryImpl.java
C:\code4schenker\src\main\java\org\code4schener\route\repository\ParamLogRepositoryImpl_Roo_Jpa_Repository_Impl.aj
C:\code4schenker\src\main\java\org\code4schener\route\repository\ParamLogRepository_Roo_Jpa_Repository.aj
C:\code4schenker\src\main\java\org\code4schener\route\repository\TransitRepository.java
C:\code4schenker\src\main\java\org\code4schener\route\repository\TransitRepositoryCustom.java
C:\code4schenker\src\main\java\org\code4schener\route\repository\TransitRepositoryCustom_Roo_Jpa_Repository_Custom.aj
C:\code4schenker\src\main\java\org\code4schener\route\repository\TransitRepositoryImpl.java
C:\code4schenker\src\main\java\org\code4schener\route\repository\TransitRepositoryImpl_Roo_Jpa_Repository_Impl.aj
C:\code4schenker\src\main\java\org\code4schener\route\repository\TransitRepository_Roo_Jpa_Repository.aj
C:\code4schenker\src\main\java\org\code4schener\route\RouteApplication.java
C:\code4schenker\src\main\java\org\code4schener\route\service\api\DeliveryParamService.java
C:\code4schenker\src\main\java\org\code4schener\route\service\api\DeliveryParamService_Roo_Service.aj
C:\code4schenker\src\main\java\org\code4schener\route\service\api\DeliveryService.java
C:\code4schenker\src\main\java\org\code4schener\route\service\api\DeliveryService_Roo_Service.aj
C:\code4schenker\src\main\java\org\code4schener\route\service\api\LocationLogService.java
C:\code4schenker\src\main\java\org\code4schener\route\service\api\LocationLogService_Roo_Service.aj
C:\code4schenker\src\main\java\org\code4schener\route\service\api\ParamLogService.java
C:\code4schenker\src\main\java\org\code4schener\route\service\api\ParamLogService_Roo_Service.aj
C:\code4schenker\src\main\java\org\code4schener\route\service\api\TransitService.java
C:\code4schenker\src\main\java\org\code4schener\route\service\api\TransitService_Roo_Service.aj
C:\code4schenker\src\main\java\org\code4schener\route\service\impl\DeliveryParamServiceImpl.java
C:\code4schenker\src\main\java\org\code4schener\route\service\impl\DeliveryParamServiceImpl_Roo_Service_Impl.aj
C:\code4schenker\src\main\java\org\code4schener\route\service\impl\DeliveryServiceImpl.java
C:\code4schenker\src\main\java\org\code4schener\route\service\impl\DeliveryServiceImpl_Roo_Service_Impl.aj
C:\code4schenker\src\main\java\org\code4schener\route\service\impl\LocationLogServiceImpl.java
C:\code4schenker\src\main\java\org\code4schener\route\service\impl\LocationLogServiceImpl_Roo_Service_Impl.aj
C:\code4schenker\src\main\java\org\code4schener\route\service\impl\ParamLogServiceImpl.java
C:\code4schenker\src\main\java\org\code4schener\route\service\impl\ParamLogServiceImpl_Roo_Service_Impl.aj
C:\code4schenker\src\main\java\org\code4schener\route\service\impl\TransitServiceImpl.java
C:\code4schenker\src\main\java\org\code4schener\route\service\impl\TransitServiceImpl_Roo_Service_Impl.aj
C:\code4schenker\src\main\java\org\code4schener\route\web\advices\ConcurrencyExceptionManager.java
C:\code4schenker\src\main\java\org\code4schener\route\web\DeliveriesCollectionJsonController.java
C:\code4schenker\src\main\java\org\code4schener\route\web\DeliveriesCollectionJsonController_Roo_JSON.aj
C:\code4schenker\src\main\java\org\code4schener\route\web\DeliveriesCollectionThymeleafController.java
C:\code4schenker\src\main\java\org\code4schener\route\web\DeliveriesCollectionThymeleafController_Roo_Thymeleaf.aj
C:\code4schenker\src\main\java\org\code4schener\route\web\DeliveriesCollectionThymeleafLinkFactory.java
C:\code4schenker\src\main\java\org\code4schener\route\web\DeliveriesCollectionThymeleafLinkFactory_Roo_LinkFactory.aj
C:\code4schenker\src\main\java\org\code4schener\route\web\DeliveriesItemDeliveryParamsThymeleafController.java
C:\code4schenker\src\main\java\org\code4schener\route\web\DeliveriesItemDeliveryParamsThymeleafController_Roo_Thymeleaf.aj
C:\code4schenker\src\main\java\org\code4schener\route\web\DeliveriesItemDeliveryParamsThymeleafLinkFactory.java
C:\code4schenker\src\main\java\org\code4schener\route\web\DeliveriesItemDeliveryParamsThymeleafLinkFactory_Roo_LinkFactory.aj
C:\code4schenker\src\main\java\org\code4schener\route\web\DeliveriesItemJsonController.java
C:\code4schenker\src\main\java\org\code4schener\route\web\DeliveriesItemJsonController_Roo_JSON.aj
C:\code4schenker\src\main\java\org\code4schener\route\web\DeliveriesItemParamsThymeleafController.java
C:\code4schenker\src\main\java\org\code4schener\route\web\DeliveriesItemParamsThymeleafController_Roo_Thymeleaf.aj
C:\code4schenker\src\main\java\org\code4schener\route\web\DeliveriesItemParamsThymeleafLinkFactory.java
C:\code4schenker\src\main\java\org\code4schener\route\web\DeliveriesItemParamsThymeleafLinkFactory_Roo_LinkFactory.aj
C:\code4schenker\src\main\java\org\code4schener\route\web\DeliveriesItemThymeleafController.java
C:\code4schenker\src\main\java\org\code4schener\route\web\DeliveriesItemThymeleafController_Roo_Thymeleaf.aj
C:\code4schenker\src\main\java\org\code4schener\route\web\DeliveriesItemThymeleafLinkFactory.java
C:\code4schenker\src\main\java\org\code4schener\route\web\DeliveriesItemThymeleafLinkFactory_Roo_LinkFactory.aj
C:\code4schenker\src\main\java\org\code4schener\route\web\DeliveriesItemTransitsThymeleafController.java
C:\code4schenker\src\main\java\org\code4schener\route\web\DeliveriesItemTransitsThymeleafController_Roo_Thymeleaf.aj
C:\code4schenker\src\main\java\org\code4schener\route\web\DeliveriesItemTransitsThymeleafLinkFactory.java
C:\code4schenker\src\main\java\org\code4schener\route\web\DeliveriesItemTransitsThymeleafLinkFactory_Roo_LinkFactory.aj
C:\code4schenker\src\main\java\org\code4schener\route\web\DeliveryDeserializer.java
C:\code4schenker\src\main\java\org\code4schener\route\web\DeliveryDeserializer_Roo_EntityDeserializer.aj
C:\code4schenker\src\main\java\org\code4schener\route\web\DeliveryJsonMixin.java
C:\code4schenker\src\main\java\org\code4schener\route\web\DeliveryJsonMixin_Roo_JSONMixin.aj
C:\code4schenker\src\main\java\org\code4schener\route\web\DeliveryParamDeserializer.java
C:\code4schenker\src\main\java\org\code4schener\route\web\DeliveryParamDeserializer_Roo_EntityDeserializer.aj
C:\code4schenker\src\main\java\org\code4schener\route\web\DeliveryParamJsonMixin.java
C:\code4schenker\src\main\java\org\code4schener\route\web\DeliveryParamJsonMixin_Roo_JSONMixin.aj
C:\code4schenker\src\main\java\org\code4schener\route\web\DeliveryParamsCollectionJsonController.java
C:\code4schenker\src\main\java\org\code4schener\route\web\DeliveryParamsCollectionJsonController_Roo_JSON.aj
C:\code4schenker\src\main\java\org\code4schener\route\web\DeliveryParamsCollectionThymeleafController.java
C:\code4schenker\src\main\java\org\code4schener\route\web\DeliveryParamsCollectionThymeleafController_Roo_Thymeleaf.aj
C:\code4schenker\src\main\java\org\code4schener\route\web\DeliveryParamsCollectionThymeleafLinkFactory.java
C:\code4schenker\src\main\java\org\code4schener\route\web\DeliveryParamsCollectionThymeleafLinkFactory_Roo_LinkFactory.aj
C:\code4schenker\src\main\java\org\code4schener\route\web\DeliveryParamsItemJsonController.java
C:\code4schenker\src\main\java\org\code4schener\route\web\DeliveryParamsItemJsonController_Roo_JSON.aj
C:\code4schenker\src\main\java\org\code4schener\route\web\DeliveryParamsItemLogParamsThymeleafController.java
C:\code4schenker\src\main\java\org\code4schener\route\web\DeliveryParamsItemLogParamsThymeleafController_Roo_Thymeleaf.aj
C:\code4schenker\src\main\java\org\code4schener\route\web\DeliveryParamsItemLogParamsThymeleafLinkFactory.java
C:\code4schenker\src\main\java\org\code4schener\route\web\DeliveryParamsItemLogParamsThymeleafLinkFactory_Roo_LinkFactory.aj
C:\code4schenker\src\main\java\org\code4schener\route\web\DeliveryParamsItemThymeleafController.java
C:\code4schenker\src\main\java\org\code4schener\route\web\DeliveryParamsItemThymeleafController_Roo_Thymeleaf.aj
C:\code4schenker\src\main\java\org\code4schener\route\web\DeliveryParamsItemThymeleafLinkFactory.java
C:\code4schenker\src\main\java\org\code4schener\route\web\DeliveryParamsItemThymeleafLinkFactory_Roo_LinkFactory.aj
C:\code4schenker\src\main\java\org\code4schener\route\web\LocationLogDeserializer.java
C:\code4schenker\src\main\java\org\code4schener\route\web\LocationLogDeserializer_Roo_EntityDeserializer.aj
C:\code4schenker\src\main\java\org\code4schener\route\web\LocationLogJsonMixin.java
C:\code4schenker\src\main\java\org\code4schener\route\web\LocationLogJsonMixin_Roo_JSONMixin.aj
C:\code4schenker\src\main\java\org\code4schener\route\web\LocationLogsCollectionJsonController.java
C:\code4schenker\src\main\java\org\code4schener\route\web\LocationLogsCollectionJsonController_Roo_JSON.aj
C:\code4schenker\src\main\java\org\code4schener\route\web\LocationLogsCollectionThymeleafController.java
C:\code4schenker\src\main\java\org\code4schener\route\web\LocationLogsCollectionThymeleafController_Roo_Thymeleaf.aj
C:\code4schenker\src\main\java\org\code4schener\route\web\LocationLogsCollectionThymeleafLinkFactory.java
C:\code4schenker\src\main\java\org\code4schener\route\web\LocationLogsCollectionThymeleafLinkFactory_Roo_LinkFactory.aj
C:\code4schenker\src\main\java\org\code4schener\route\web\LocationLogsItemJsonController.java
C:\code4schenker\src\main\java\org\code4schener\route\web\LocationLogsItemJsonController_Roo_JSON.aj
C:\code4schenker\src\main\java\org\code4schener\route\web\LocationLogsItemParamsThymeleafController.java
C:\code4schenker\src\main\java\org\code4schener\route\web\LocationLogsItemParamsThymeleafController_Roo_Thymeleaf.aj
C:\code4schenker\src\main\java\org\code4schener\route\web\LocationLogsItemParamsThymeleafLinkFactory.java
C:\code4schenker\src\main\java\org\code4schener\route\web\LocationLogsItemParamsThymeleafLinkFactory_Roo_LinkFactory.aj
C:\code4schenker\src\main\java\org\code4schener\route\web\LocationLogsItemThymeleafController.java
C:\code4schenker\src\main\java\org\code4schener\route\web\LocationLogsItemThymeleafController_Roo_Thymeleaf.aj
C:\code4schenker\src\main\java\org\code4schener\route\web\LocationLogsItemThymeleafLinkFactory.java
C:\code4schenker\src\main\java\org\code4schener\route\web\LocationLogsItemThymeleafLinkFactory_Roo_LinkFactory.aj
C:\code4schenker\src\main\java\org\code4schener\route\web\MainController.java
C:\code4schenker\src\main\java\org\code4schener\route\web\MainController_Roo_Thymeleaf_MainController.aj
C:\code4schenker\src\main\java\org\code4schener\route\web\ParamLogDeserializer.java
C:\code4schenker\src\main\java\org\code4schener\route\web\ParamLogDeserializer_Roo_EntityDeserializer.aj
C:\code4schenker\src\main\java\org\code4schener\route\web\ParamLogJsonMixin.java
C:\code4schenker\src\main\java\org\code4schener\route\web\ParamLogJsonMixin_Roo_JSONMixin.aj
C:\code4schenker\src\main\java\org\code4schener\route\web\ParamLogsCollectionJsonController.java
C:\code4schenker\src\main\java\org\code4schener\route\web\ParamLogsCollectionJsonController_Roo_JSON.aj
C:\code4schenker\src\main\java\org\code4schener\route\web\ParamLogsCollectionThymeleafController.java
C:\code4schenker\src\main\java\org\code4schener\route\web\ParamLogsCollectionThymeleafController_Roo_Thymeleaf.aj
C:\code4schenker\src\main\java\org\code4schener\route\web\ParamLogsCollectionThymeleafLinkFactory.java
C:\code4schenker\src\main\java\org\code4schener\route\web\ParamLogsCollectionThymeleafLinkFactory_Roo_LinkFactory.aj
C:\code4schenker\src\main\java\org\code4schener\route\web\ParamLogsItemJsonController.java
C:\code4schenker\src\main\java\org\code4schener\route\web\ParamLogsItemJsonController_Roo_JSON.aj
C:\code4schenker\src\main\java\org\code4schener\route\web\ParamLogsItemThymeleafController.java
C:\code4schenker\src\main\java\org\code4schener\route\web\ParamLogsItemThymeleafController_Roo_Thymeleaf.aj
C:\code4schenker\src\main\java\org\code4schener\route\web\ParamLogsItemThymeleafLinkFactory.java
C:\code4schenker\src\main\java\org\code4schener\route\web\ParamLogsItemThymeleafLinkFactory_Roo_LinkFactory.aj
C:\code4schenker\src\main\java\org\code4schener\route\web\reports\ExportingErrorException.java
C:\code4schenker\src\main\java\org\code4schener\route\web\reports\JasperReportsCsvExporter.java
C:\code4schenker\src\main\java\org\code4schener\route\web\reports\JasperReportsExporter.java
C:\code4schenker\src\main\java\org\code4schener\route\web\reports\JasperReportsPdfExporter.java
C:\code4schenker\src\main\java\org\code4schener\route\web\reports\JasperReportsXlsExporter.java
C:\code4schenker\src\main\java\org\code4schener\route\web\TransitDeserializer.java
C:\code4schenker\src\main\java\org\code4schener\route\web\TransitDeserializer_Roo_EntityDeserializer.aj
C:\code4schenker\src\main\java\org\code4schener\route\web\TransitJsonMixin.java
C:\code4schenker\src\main\java\org\code4schener\route\web\TransitJsonMixin_Roo_JSONMixin.aj
C:\code4schenker\src\main\java\org\code4schener\route\web\TransitsCollectionJsonController.java
C:\code4schenker\src\main\java\org\code4schener\route\web\TransitsCollectionJsonController_Roo_JSON.aj
C:\code4schenker\src\main\java\org\code4schener\route\web\TransitsCollectionThymeleafController.java
C:\code4schenker\src\main\java\org\code4schener\route\web\TransitsCollectionThymeleafController_Roo_Thymeleaf.aj
C:\code4schenker\src\main\java\org\code4schener\route\web\TransitsCollectionThymeleafLinkFactory.java
C:\code4schenker\src\main\java\org\code4schener\route\web\TransitsCollectionThymeleafLinkFactory_Roo_LinkFactory.aj
C:\code4schenker\src\main\java\org\code4schener\route\web\TransitsItemJsonController.java
C:\code4schenker\src\main\java\org\code4schener\route\web\TransitsItemJsonController_Roo_JSON.aj
C:\code4schenker\src\main\java\org\code4schener\route\web\TransitsItemThymeleafController.java
C:\code4schenker\src\main\java\org\code4schener\route\web\TransitsItemThymeleafController_Roo_Thymeleaf.aj
C:\code4schenker\src\main\java\org\code4schener\route\web\TransitsItemThymeleafLinkFactory.java
C:\code4schenker\src\main\java\org\code4schener\route\web\TransitsItemThymeleafLinkFactory_Roo_LinkFactory.aj
C:\code4schenker\target\generated-sources\java\org\code4schener\route\domain\QDelivery.java
C:\code4schenker\target\generated-sources\java\org\code4schener\route\domain\QDeliveryParam.java
C:\code4schenker\target\generated-sources\java\org\code4schener\route\domain\QLocationLog.java
C:\code4schenker\target\generated-sources\java\org\code4schener\route\domain\QParamLog.java
C:\code4schenker\target\generated-sources\java\org\code4schener\route\domain\QTransit.java
